         w __deregister_frame_info
         w __register_frame_info
         w __syscall_lock_close_recursive
         w userAppExit
         w userAppInit
00000000 00000802 B __ctru_dev_utf16_buf
00000000 a shift
00000000 a shift
00000000 b _TLS_MODULE_BASE_
00000804 00000401 B __ctru_dev_path_buf
00100000 A __start__
00100000 T _start
00100008 T __service_ptr
0010000c T __apt_appid
00100010 T __heap_size
00100014 T __linear_heap_size
00100018 T __system_arglist
0010001c T __system_runflags
00100020 t startup
00100058 t ClearMem
0010006c t ClrLoop
00100094 T _init
001000ac T __aeabi_idiv
001000ac 00000220 T __divsi3
001000b4 t .divsi3_skip_div0_test
001002cc 00000020 T __aeabi_idivmod
001002ec 00000004 W __aeabi_idiv0
001002ec 00000004 W __aeabi_ldiv0
001002f0 T __aeabi_uldivmod
00100348 00000390 T strcmp
001006d0 T __aeabi_uidiv
001006d0 000001ec T __udivsi3
001006d0 t .udivsi3_skip_div0_test
001008bc 00000020 T __aeabi_uidivmod
001008dc T __aeabi_drsub
001008e4 000002b0 T __aeabi_dsub
001008e4 000002b0 T __subdf3
001008e8 000002ac T __adddf3
001008e8 000002ac T __aeabi_dadd
00100b94 00000024 T __aeabi_ui2d
00100b94 00000024 T __floatunsidf
00100bb8 00000028 T __aeabi_i2d
00100bb8 00000028 T __floatsidf
00100be0 00000048 T __aeabi_f2d
00100be0 00000048 T __extendsfdf2
00100c28 00000074 T __aeabi_ul2d
00100c28 00000074 T __floatundidf
00100c3c 00000060 T __aeabi_l2d
00100c3c 00000060 T __floatdidf
00100c9c t __do_global_dtors_aux
00100cdc t frame_dummy
00100d08 00000060 t checkError
00100d68 000002e0 T main
00101048 00000028 t GLASS_internal_swapBuffers
00101070 0000005c t GLASS_internal_getDisplayBuffer
001010cc 00000028 T glassCreateContext
001010f4 0000002c T glassDestroyContext
00101120 0000000c T glassBindContext
0010112c 000000d4 T glassSwapBuffers
00101200 00000050 t GLASS_gpu_uploadBoolUniforms
00101250 00000084 t GLASS_gpu_uploadIntUniforms
001012d4 00000128 t GLASS_gpu_uploadShaderBinary
001013fc 000000c0 t GLASS_gpu_uploadFloatUniforms
001014bc 0000002c T GLASS_gpu_init
001014e8 0000002c T GLASS_gpu_fini
00101514 0000003c T GLASS_gpu_enableRegs
00101550 00000034 T GLASS_gpu_disableRegs
00101584 00000080 T GLASS_gpu_flushCommands
00101604 00000044 T GLASS_gpu_flushAndRunCommands
00101648 00000028 T GLASS_gpu_flushFramebuffer
00101670 00000028 T GLASS_gpu_invalidateFramebuffer
00101698 000001f4 T GLASS_gpu_bindFramebuffer
0010188c 000000ac T GLASS_gpu_setViewport
00101938 00000098 T GLASS_gpu_setScissorTest
001019d0 0000035c T GLASS_gpu_bindShaders
00101d2c 00000020 T GLASS_gpu_uploadUniforms
00101d4c 000002a4 T GLASS_gpu_uploadAttributes
00101ff0 0000019c T GLASS_gpu_setCombiners
0010218c 0000008c T GLASS_gpu_setFragOp
00102218 000000c8 T GLASS_gpu_setColorDepthMask
001022e0 000000e0 T GLASS_gpu_setDepthMap
001023c0 00000044 T GLASS_gpu_setEarlyDepthTest
00102404 00000028 T GLASS_gpu_setEarlyDepthFunc
0010242c 00000038 T GLASS_gpu_setEarlyDepthClear
00102464 00000028 T GLASS_gpu_clearEarlyDepthBuffer
0010248c 00000060 T GLASS_gpu_setStencilTest
001024ec 00000050 T GLASS_gpu_setStencilOp
0010253c 0000006c T GLASS_gpu_setCullFace
001025a8 00000070 T GLASS_gpu_setAlphaTest
00102618 0000008c T GLASS_gpu_setBlendFunc
001026a4 00000028 T GLASS_gpu_setBlendColor
001026cc 0000002c T GLASS_gpu_setLogicOp
001026f8 000002a4 T GLASS_context_initContext
0010299c 000000f0 T GLASS_context_bindContext
00102a8c 00000034 T GLASS_context_finiContext
00102ac0 00000010 T GLASS_context_getContext
00102ad0 00000644 T GLASS_context_updateContext
00103114 0000001c T GLASS_context_setError
00103130 0000001c T glGetError
0010314c 0000003c t GLASS_rendering_checkFB
00103188 000000f4 T glClear
0010327c 000000ac T glClearColor
00103328 00000028 t GLASS_shaders_decSharedDataRefc
00103350 00000040 t GLASS_shaders_decShaderRefc
00103390 00000094 t GLASS_shaders_freeProgram
00103424 00000060 t GLASS_shaders_lookupShader
00103484 00000064 T GLASS_shaders_parseDVLB
001034e8 0000008c T GLASS_shaders_parseDVLP
00103574 000000e0 T GLASS_shaders_getDVLEInfo
00103654 0000025c T GLASS_shaders_generateOutmaps
001038b0 00000200 T GLASS_shaders_loadUniforms
00103ab0 00000094 T glAttachShader
00103b44 00000044 T glCreateProgram
00103b88 000000ac T glCreateShader
00103c34 00000060 T glDeleteProgram
00103c94 00000050 T glDeleteShader
00103ce4 00000140 T glLinkProgram
00103e24 00000204 T glShaderBinary
00104028 0000008c T glUseProgram
001040b4 00000050 t GLASS_framebuffer_getDepthSize
00104104 00000084 T glBindFramebuffer
00104188 00000078 T glBindRenderbuffer
00104200 00000114 T glCheckFramebufferStatus
00104314 000000d8 T glFramebufferRenderbuffer
001043ec 00000068 T glGenFramebuffers
00104454 00000078 T glGenRenderbuffers
001044cc 00000138 T glRenderbufferStorage
00104604 00000050 t GLASS_attribs_attribForReg
00104654 00000090 t GLASS_attribs_setFixedAttrib
001046e4 000000ac T glEnableVertexAttribArray
00104790 0000002c T glVertexAttrib4f
001047bc 00000068 T GLASS_types_createObject
00104824 0000004c T GLASS_types_checkObjectType
00104870 00000050 T GLASS_mem_alloc
001048c0 00000030 T GLASS_mem_free
001048f0 00000048 t GLASS_utility_packIntVector
00104938 0000005c t GLASS_utility_packFloatVector
00104994 00000020 T GLASS_utility_unreachable
001049b4 00000018 T GLASS_utility_getLinearBase
001049cc 00000064 T GLASS_utility_f24tof32
00104a30 0000011c T GLASS_utility_convertRGBA8
00104b4c 00000088 T GLASS_utility_getClearDepth
00104bd4 00000034 T GLASS_utility_GLClampFloat
00104c08 000000c4 T GLASS_utility_getFBFormatBytes
00104ccc 00000010 T GLASS_utility_getFBPixelSize
00104cdc 00000030 t GLASS_utility_getGXControl
00104d0c 0000006c T GLASS_utility_GSPToGLFBFormat
00104d78 00000098 T GLASS_utility_GLToGXFBFormat
00104e10 000000e4 T GLASS_utility_GLToGPUFBFormat
00104ef4 00000080 T GLASS_utility_GLToGPUTestFunc
00104f74 000000bc T GLASS_utility_GLToGPUStencilOp
00105030 00000064 T GLASS_utility_GLToGPUBlendEq
00105094 00000118 T GLASS_utility_GLToGPUBlendFunc
001051ac 000000e0 T GLASS_utility_GLToGPULOP
0010528c 000000f8 T GLASS_utility_GLToGPUCombinerSrc
00105384 000000d8 T GLASS_utility_GLToGPUCombinerOpRGB
0010545c 000000b4 T GLASS_utility_GLToGPUCombinerOpAlpha
00105510 000000f4 T GLASS_utility_GLToGPUCombinerFunc
00105604 00000064 T GLASS_utility_GLToGPUCombinerScale
00105668 00000020 T GLASS_utility_buildTransferFlags
00105688 000001c4 T GLASS_utility_clearBuffers
0010584c 00000038 T GLASS_utility_transferBuffer
00105884 00000024 T GLASS_utility_setShaderBool
001058a8 00000058 T GLASS_utility_setShaderInts
00105900 00000060 T GLASS_utility_setShaderFloats
00105960 00000038 T GLASS_utility_resetDirtyUniforms
00105998 0000000c T GLASS_utility_packFixedAttrib
001059a4 00000024 t addrMapNodeComparator(rbtree_node const*, rbtree_node const*)
001059c8 00000004 t addrMapNodeDestructor(rbtree_node*)
001059cc 00000250 T vramMemAlignAt
00105c1c 0000000c T vramAlloc
00105c28 0000000c T vramAllocAt
00105c34 00000090 T vramFree
00105cc4 00000024 t addrMapNodeComparator(rbtree_node const*, rbtree_node const*)
00105ce8 00000004 t addrMapNodeDestructor(rbtree_node*)
00105cec 00000120 T linearMemAlign
00105e0c 00000008 T linearAlloc
00105e14 0000005c T linearFree
00105e70 00000080 T MemPool::CoalesceRight(MemBlock*)
00105ef0 0000016c T MemPool::Allocate(MemChunk&, unsigned long, int)
0010605c 000000fc T MemPool::Deallocate(MemChunk const&)
00106158 00000030 T MemPool::GetFreeSpace()
00106188 00000074 T osConvertVirtToPhys
001061fc 00000034 T __ctru_speedup_config
00106230 000001e8 t parseColor
00106418 000001ac T consoleDrawChar
001065c4 00000124 T consolePrintChar
001066e8 00000b94 T con_write
0010727c 000000fc t newRow
00107378 00000168 T consoleInit
001074e0 000000d0 t gfxPresentFramebuffer
001075b0 0000001c T gfxIsWide
001075cc 000000ec T gfxSetScreenFormat
001076b8 00000010 T gfxGetScreenFormat
001076c8 00000010 T gfxSetDoubleBuffering
001076d8 000000e0 T gfxInit
001077b8 00000010 T gfxInitDefault
001077c8 000000b4 T gfxExit
0010787c 000000a0 T gfxGetFramebuffer
0010791c 00000104 T gfxFlushBuffers
00107a20 00000030 T gfxScreenSwapBuffers
00107a50 00000050 T gfxSwapBuffersGpu
00107aa0 00000010 T GX_BindQueue
00107ab0 00000078 T GX_ProcessCommandList
00107b28 00000074 T GX_MemoryFill
00107b9c 00000070 T GX_DisplayTransfer
00107c0c 00000068 t gxCmdQueueDoCommands.part.0
00107c74 000000c8 T gxCmdQueueInterrupt
00107d3c 0000004c T gxCmdQueueClear
00107d88 000000f8 T gxCmdQueueAdd
00107e80 00000080 T gxCmdQueueRun
00107f00 00000060 T gxCmdQueueStop
00107f60 00000074 T gxCmdQueueWait
00107fd4 0000013c T GPUCMD_Add
00108110 000000b0 T GPUCMD_Split
001081c0 00000034 T f32tof24
001081f4 00000038 T f32tof31
0010822c 00000c58 t gspHardwareInit
00108e84 00000248 T gspInit
001090cc 000000f0 T gspExit
001091bc 00000010 T gspHasGpuRight
001091cc 000000a0 T gspPresentBuffer
0010926c 00000044 T gspWaitForEvent
001092b0 0000004c T gspWaitForAnyEvent
001092fc 00000158 t gspEventThreadMain
00109454 00000130 T gspSubmitGxCommand
00109584 00000050 T GSPGPU_FlushDataCache
001095d4 00000034 T GSPGPU_SetLcdForceBlack
00109608 00000068 T GSPGPU_AcquireRight
00109670 00000048 T GSPGPU_ReleaseRight
001096b8 0000007c T GSPGPU_ImportDisplayCaptureInfo
00109734 0000002c T GSPGPU_SaveVramSysArea
00109760 0000002c T GSPGPU_RestoreVramSysArea
0010978c 000001a4 t aptConvertScreenForCapture
00109930 00000008 W aptDspSleep
00109938 00000004 W aptDspWakeup
0010993c 00000004 W aptDspCancel
00109940 00000158 T aptSendCommand
00109a98 00000044 t aptExitProcess
00109adc 000002f4 T aptExit
00109dd0 000000e0 T aptHandleSleep
00109eb0 00000084 T APT_SleepIfShellClosed
00109f34 00000084 T aptSetSleepAllowed
00109fb8 00000084 T APT_UnlockTransition
0010a040 000004a4 t aptEventHandler
0010a4e4 000000b0 T APT_ReceiveParameter
0010a594 000000b0 t aptReceiveParameter.constprop.0
0010a648 000002ac t aptScreenTransfer
0010a8f4 00000344 t aptWaitForWakeUp.isra.0
0010ac38 00000100 T aptJumpToHomeMenu
0010ad38 00000048 T aptMainLoop
0010ad80 0000022c T aptInit
0010afac 0000007c T APT_CheckNew3DS
0010b028 00000024 W hidShouldUseIrrst
0010b04c 0000018c T hidInit
0010b1d8 000000e8 T hidExit
0010b2c0 000002a4 T hidScanInput
0010b564 00000010 T hidKeysDown
0010b574 00000074 T ptmSysmInit
0010b5e8 0000003c T ptmSysmExit
0010b624 00000034 T PTMSYSM_ConfigureNew3DSCPU
0010b658 00000010 T rbtree_init
0010b668 000001b4 t do_insert
0010b81c 00000008 T rbtree_insert
0010b824 00000090 T rbtree_rotate
0010b8b4 00000318 T rbtree_remove
0010bbcc 00000074 T rbtree_find
0010bc40 000001e0 W __system_allocateHeaps
0010be20 00000038 W __libctru_init
0010be58 00000170 W __system_initArgv
0010bfc8 T svcControlMemory
0010bfe8 T svcQueryMemory
0010c018 T svcExitProcess
0010c020 T svcCreateThread
0010c040 T svcExitThread
0010c048 T svcSleepThread
0010c050 T svcReleaseMutex
0010c058 T svcCreateEvent
0010c06c T svcSignalEvent
0010c074 T svcClearEvent
0010c07c T svcMapMemoryBlock
0010c084 T svcUnmapMemoryBlock
0010c08c T svcCreateAddressArbiter
0010c0a0 T svcArbitrateAddressNoTimeout
0010c0a8 T svcCloseHandle
0010c0b0 T svcWaitSynchronization
0010c0b8 T svcWaitSynchronizationN
0010c0e0 T svcDuplicateHandle
0010c0f4 T svcGetSystemTick
0010c0fc T svcConnectToPort
0010c110 T svcSendSyncRequest
0010c118 T svcGetResourceLimit
0010c12c T svcGetResourceLimitLimitValues
0010c134 T svcGetResourceLimitCurrentValues
0010c13c T svcBreak
0010c144 T svcOutputDebugString
0010c14c T svcQueryProcessMemory
0010c170 W initSystem
0010c1c0 W __ctru_exit
0010c1d8 0000000c T __sync_init
0010c1e4 00000018 T __sync_fini
0010c1fc 0000002c T syncArbitrateAddress
0010c228 000000b0 T LightLock_Lock
0010c2d8 00000040 T LightLock_Unlock
0010c318 00000024 T RecursiveLock_Init
0010c33c 00000030 T RecursiveLock_Lock
0010c36c 00000054 T RecursiveLock_Unlock
0010c3c0 00000040 T LightEvent_Init
0010c400 000000a4 T LightEvent_Clear
0010c4a4 000000c8 T LightEvent_Signal
0010c56c 00000050 T LightEvent_TryWait
0010c5bc 000000b0 T LightEvent_Wait
0010c66c 00000130 T srvInit
0010c79c 00000058 T srvExit
0010c7f4 000000a0 T srvGetServiceHandleDirect
0010c894 00000038 T srvGetServiceHandle
0010c8cc 00000038 T srvPublishToSubscriber
0010c904 00000178 T threadCreate
0010ca7c 0000002c T threadFree
0010caa8 00000024 T threadJoin
0010cacc 00000030 T threadGetCurrent
0010cafc 00000040 T threadExit
0010cb3c 00000020 t _thread_begin
0010cb5c 000000b4 t mappableFindAddressWithin
0010cc10 00000028 T mappableInit
0010cc38 00000080 T mappableAlloc
0010ccb8 00000004 T mappableFree
0010ccbc 00000164 T irrstInit
0010ce20 000000cc T irrstExit
0010ceec 000000b4 T irrstScanInput
0010cfa0 00000024 T irrstKeysHeld
0010cfc4 0000000c T srvPmGetSessionHandle
0010cfd0 0000005c T rbtree_node_next
0010d02c 00000030 W __appInit
0010d05c 00000030 T __syscall_getreent
0010d08c 00000004 T __syscall_lock_acquire
0010d090 00000004 T __syscall_lock_release
0010d094 00000004 T __syscall_lock_init_recursive
0010d098 00000004 T __syscall_lock_acquire_recursive
0010d09c 00000004 T __syscall_lock_release_recursive
0010d0a0 00000004 T __syscall_exit
0010d0a4 00000050 T initThreadVars
0010d0f4 00000068 T __system_initSyscalls
0010d15c 00000030 W __appExit
0010d18c 00000090 W __libctru_exit
0010d21c 00000084 W envGetHandle
0010d2a0 00000050 W envDestroyHandles
0010d2f0 00000014 t archive_link
0010d304 00000014 t archive_dirreset
0010d318 00000014 t archive_chmod
0010d32c 00000024 t error_cmp
0010d350 00000050 t archive_translate_error
0010d3a0 000000c8 t archive_seek
0010d468 0000007c t _archiveInit.part.0
0010d4e4 000000c4 t archiveFindDevice.part.0
0010d5a8 0000025c t archive_utf16path
0010d804 000000a0 t _archiveUnmountDeviceStruct.part.0
0010d8a4 00000014 t archive_fchmod
0010d8b8 00000014 t archive_statvfs
0010d8cc 00000164 t _archiveMountDevice
0010da30 000000e8 t archive_diropen
0010db18 000000a4 t archive_fstat
0010dbbc 0000006c t archive_close
0010dc28 0000006c t archive_fsync
0010dc94 00000070 t archive_dirclose
0010dd04 000000e8 t sdmc_statvfs
0010ddec 000000ec t archive_chdir
0010ded8 0000007c t archive_ftruncate
0010df54 000000ac t archive_read
0010e000 000000a4 t archive_unlink
0010e0a4 000000bc t archive_rmdir
0010e160 000000dc t archive_mkdir
0010e23c 0000019c t archive_stat
0010e3d8 0000015c t archive_dirnext
0010e534 000000ec t archive_write
0010e620 000001d4 t archive_open
0010e7f4 00000278 t archive_rename
0010ea6c 0000019c T archiveMountSdmc
0010ec08 00000054 T archiveUnmountAll
0010ec5c 000000cc T fsInit
0010ed28 0000003c T fsExit
0010ed64 00000060 T fsExemptFromSession
0010edc4 00000050 T fsUnexemptFromSession
0010ee14 000000cc T FSUSER_OpenFile
0010eee0 000000bc T FSUSER_DeleteFile
0010ef9c 000000f8 T FSUSER_RenameFile
0010f094 000000bc T FSUSER_DeleteDirectory
0010f150 000000d4 T FSUSER_CreateFile
0010f224 000000c4 T FSUSER_CreateDirectory
0010f2e8 000000f8 T FSUSER_RenameDirectory
0010f3e0 000000b4 T FSUSER_OpenDirectory
0010f494 00000098 T FSUSER_OpenArchive
0010f52c 0000008c T FSUSER_CloseArchive
0010f5b8 00000074 T FSUSER_GetSdmcArchiveResource
0010f62c 00000064 T FSUSER_IsSdmcWritable
0010f690 00000058 T FSFILE_Read
0010f6e8 00000060 T FSFILE_Write
0010f748 0000003c T FSFILE_GetSize
0010f784 00000028 T FSFILE_SetSize
0010f7ac 0000003c T FSFILE_Close
0010f7e8 00000024 T FSFILE_Flush
0010f80c 00000050 T FSDIR_Read
0010f85c 0000003c T FSDIR_Close
0010f898 000000e8 T utf16_to_utf8
0010f980 00000064 T decode_utf16
0010f9e4 0000013c T decode_utf8
0010fb20 000000c0 T utf8_to_utf16
0010fbe0 T __aeabi_read_tp
0010fbec 00000054 T encode_utf16
0010fc40 000000e0 T encode_utf8
0010fd20 00000120 T __udivmoddi4
0010fe40 00000078 T bsearch
0010feb8 0000000c T __errno
0010fec4 00000034 T exit
0010fef8 00000234 T __sflush_r
0011012c 00000094 T _fflush_r
001101c0 0000000c T _cleanup_r
001101cc 00000184 T __sinit
00110350 0000000c T __sfp_lock_acquire
0011035c 0000000c T __sfp_lock_release
00110368 0000003c T __libc_fini_array
001103a4 000000f8 T _malloc_trim_r
0011049c 000002e8 T _free_r
00110784 00000070 T _fwalk_reent
001107f4 00000084 T __libc_init_array
00110878 00000020 T memalign
00110898 0000014c T _memalign_r
001109e4 00000018 T malloc
001109fc 00000018 T free
00110a14 000007e4 T _malloc_r
001111f8 000000e4 T memchr
001112dc 00000118 T memcpy
001113f4 000000f4 T memset
001114e8 0000000c T __malloc_lock
001114f4 0000000c T __malloc_unlock
00111500 00000034 T printf
00111534 0000025c T setvbuf
00111790 00000064 T sprintf
001117f4 00000074 T sscanf
00111868 00000044 T __sread
001118ac 00000008 T __seofread
001118b4 00000068 T __swrite
0011191c 00000044 T __sseek
00111960 00000008 T __sclose
00111968 0000005c T strlen
001119c4 000000e4 T strncat
00111aa8 000000e4 T strncmp
00111b8c 000000c4 T strncpy
00111c50 00000048 T strnlen
00111c98 000001c4 t _strtoul_l.constprop.0
00111e5c 00000004 T _strtoul_r
00111e60 00000028 T strtoul
00111e88 0000066c t get_arg
001124f8 00003334 T _svfprintf_r
0011582c 00000050 t get_arg
0011587c 00002c38 T __ssvfscanf_r
001184b4 0000066c t get_arg
00118b20 0000339c T _vfprintf_r
0011bebc 000000d0 t __sbprintf
0011bf8c 00000054 T _wcrtomb_r
0011bfe0 00000028 T _wcsrtombs_r
0011c008 0000013c T __swsetup_r
0011c144 00000114 T __call_exitprocs
0011c258 000001b0 t quorem
0011c408 000011f8 T _dtoa_r
0011d600 0000015c T _fclose_r
0011d75c 00000008 T iswspace
0011d764 0000000c T _localeconv_r
0011d770 00000010 T __locale_mb_cur_max
0011d780 00000138 T __smakebuf_r
0011d8b8 0000008c T __swhatbuf_r
0011d944 00000068 T _mbrtowc_r
0011d9ac 000002f8 T __utf8_mbtowc
0011dca4 00000088 T _Balloc
0011dd2c 0000001c T _Bfree
0011dd48 000000f4 T __multadd
0011de3c 00000110 T __s2b
0011df4c 00000060 T __hi0bits
0011dfac 0000009c T __lo0bits
0011e048 000000a8 T __i2b
0011e0f0 00000204 T __multiply
0011e2f4 00000124 T __pow5mult
0011e418 00000140 T __lshift
0011e558 00000058 T __mcmp
0011e5b0 000001ec T __mdiff
0011e79c 00000068 T __ulp
0011e804 000000d0 T __b2d
0011e8d4 00000120 T __d2b
0011e9f4 00000078 T __ratio
0011ea6c 00000088 T __copybits
0011eaf4 0000005c T __any_on
0011eb50 00000020 T realloc
0011eb70 000004a0 T _realloc_r
0011f010 000000f4 T __sccl
0011f104 0000000c T nanf
0011f110 00000088 T frexp
0011f198 000000cc T stpncpy
0011f264 00000130 T strchr
0011f394 00000064 t sulp
0011f3f8 000013a8 T _strtod_l
001207a0 0000000c T _strtod_r
001207ac 0000022c t _strtoll_l.constprop.0
001209d8 00000004 T _strtoll_r
001209dc 000001a4 t _strtol_l.part.0
00120b80 0000003c T _strtol_r
00120bbc 00000244 t _strtoull_l.constprop.0
00120e00 00000004 T _strtoull_r
00120e04 00000188 T __ssprint_r
00120f8c 000000d4 T _sungetc_r
00121060 0000006c T __ssrefill_r
001210cc 000000c4 T _sfread_r
00121190 000000a8 T __submore
00121238 0000066c t get_arg
001218a4 00000030 T __sprint_r
001218d4 000022ec T _vfiprintf_r
00123bc0 000000d0 t __sbprintf
00123c90 00000188 T _wcsnrtombs_l
00123e18 0000004c T _wcsnrtombs_r
00123e64 000000f0 T __utf8_wctomb
00123f54 0000005c T __assert_func
00123fb0 000000c0 T _calloc_r
00124070 0000003c T fiprintf
001240ac 000004b4 T __sfvwrite_r
00124560 000000f0 t rshift
00124650 00000814 T __gethex
00124e64 0000004c T __match
00124eb0 0000029c T __hexnan
0012514c 0000003c T iswspace_l
00125188 000001d8 t __jp2uc
00125360 0000009c T _jp2uc_l
001253fc 00000150 T memmove
00125550 00000010 T nan
00125560 00000014 T abort
00125574 0000008c T category
00125600 00000090 T _raise_r
00125690 00000018 T raise
001256a8 00000008 t null_write
001256b0 00000018 T setDefaultDevice
001256c8 000000c8 T FindDevice
00125790 00000028 T RemoveDevice
001257b8 0000009c T AddDevice
00125854 00000020 T GetDeviceOpTab
00125874 00000078 T _fstat_r
001258ec 00000014 T _getpid_r
00125900 00000008 T _isatty_r
00125908 00000014 T _kill_r
0012591c 00000084 T _lseek_r
001259a0 00000080 T _read_r
00125a20 00000078 T _sbrk_r
00125a98 00000080 T _write_r
00125b18 00000020 T _exit
00125b38 000001a4 T _concatenate_path
00125cdc 00000140 T chdir
00125e1c 00000008 T __flockfile
00125e24 00000008 T __funlockfile
00125e2c 0000003c T __get_handle
00125e68 000000f4 T _close_r
00125f5c 0000002c T __getreent
00125f88 0000001c T __libc_lock_acquire
00125fa4 0000001c T __libc_lock_release
00125fc0 0000001c T __libc_lock_init_recursive
00125fdc 0000001c T __libc_lock_acquire_recursive
00125ff8 0000001c T __libc_lock_release_recursive
00126014 0000001c T __libc_lock_close_recursive
00126030 00000038 T __aeabi_d2lz
00126030 00000038 T __fixdfdi
00126068 00000040 T __aeabi_d2ulz
00126068 00000040 T __fixunsdfdi
001260a8 00000048 T strrchr
001260f0 T _fini
00127000 00000018 r CSWTCH.9
00127040 R vshader_shbin
00127158 R vshader_shbin_end
00127158 R vshader_shbin_size
00127438 00000070 r dotab_stdout
001274a8 00000018 r grayScale
001274c0 00000006 r colorCube
001274c8 00000030 r colorTable
0012751c 00000008 r morton_y.2
00127524 00000008 r morton_x.3
0012752c 00000008 r s_sleepWakeEvents.4
00127564 R default_font_bin
00127d64 R default_font_bin_end
00127d88 00000030 r error_table
00127dc0 00000070 r archive_devoptab
00127e38 00000004 R _global_impure_ptr
00127e78 00000010 r zeroes.0
00127e88 00000010 r blanks.1
00127ea0 00000022 r basefix.0
00127ec4 00000010 r zeroes.0
00127ed4 00000010 r blanks.1
00127ee4 00000101 R _ctype_
00127ff8 r .LC2
001280ec 0000000c r p05.0
001280f8 00000028 R __mprec_bigtens
00128120 000000c8 R __mprec_tens
001281f8 00000014 r fpinan.0
0012820c 00000014 r fpi.1
00128220 00000028 r tinytens
00128248 0000006c R __action_table
001282b4 0000006c R __state_table
00128320 00000100 R __chclass
00128420 00000010 r zeroes.0
00128430 00000010 r blanks.1
001284d0 00000100 R __hexdig
001285e4 00001a7c r d02f4
0012a060 0000172a r b02cf
0012b78c 00000040 r a8
0012b7cc 000000a2 r a7
0012b870 00000070 r a6
0012b8e0 0000005b r a3
0012b93c 000000bc r a2
0012b9f8 000000bc r a1
0012bab4 00003528 r categories
0012efdc 00000070 R dotab_stdnull
0012f04c r 
0012f04c R __exidx_end
0012f04c R __exidx_start
00130000 00000001 d firstConsoleInit.0
00130004 00000004 D currentConsole
00130008 00000048 D defaultConsole
00130050 00000004 d queueLock
00130054 00000004 d kCount
00130058 00000004 d kInterval
0013005c 00000004 d kDelay
00130060 W __stacksize__
00130064 00000004 D _impure_ptr
00130068 00000460 d impure_data
001304c8 00000004 D __malloc_sbrk_base
001304cc 00000004 D __malloc_trim_threshold
001304d0 00000408 D __malloc_av_
001308d8 0000016c D __global_locale
00130a44 0000008c D devoptab_list
00130ad0 00000004 d defaultDevice
00130ad4 00000400 d _current_working_directory
00130ed4 00001000 d handles
00131ed4 0000000c d __stderr_handle
00131ee0 0000000c d __stdout_handle
00131eec 0000000c d __stdin_handle
00131f00 d _GLOBAL_OFFSET_TABLE_
00131f0c d __frame_dummy_init_array_entry
00131f0c D __init_array_start
00131f0c B __preinit_array_end
00131f0c B __preinit_array_start
00131f0c D __tdata_lma
00131f0c D __tdata_lma_end
00131f10 d __do_global_dtors_aux_fini_array_entry
00131f10 D __fini_array_start
00131f10 D __init_array_end
00131f14 D __bss_start__
00131f14 b completed.1
00131f14 D __fini_array_end
00131f18 b object.0
00131f30 00000004 b g_OldCtx
00131f34 00000004 b g_Context
00131f38 00000004 b g_Deallocator
00131f3c 00000004 b g_Allocator
00131f40 00000008 b sVramPoolB
00131f48 00000008 b sVramPoolA
00131f50 0000000c b sAddrMap
00131f60 00000008 b sLinearPool
00131f68 0000000c b sAddrMap
00131f74 00000001 V __ctru_speedup
00131f78 00000048 B currentCopy
00131fc0 00000004 b screenAlloc
00131fc4 00000004 b screenFree
00131fc8 00000002 b gfxIsDoubleBuf
00131fcc 00000002 b gfxCurBuf
00131fce 00000001 b gfxIsVram
00131fcf 00000001 b gfxTopMode
00131fd0 00000002 b gfxFramebufferFormats
00131fd4 00000004 b gfxBottomFramebufferMaxSize
00131fd8 00000004 b gfxTopFramebufferMaxSize
00131fe0 00000008 b gfxBottomFramebuffers
00131fe8 00000008 b gfxTopFramebuffers
00131ff0 00000004 b boundQueue
00131ff4 00000001 b shouldStop
00131ff5 00000001 b isRunning
00131ff6 00000001 b isActive
00131ff8 00000004 b curQueue
00131ffc 00000004 B gpuCmdBufOffset
00132000 00000004 B gpuCmdBufSize
00132004 00000004 B gpuCmdBuf
00132008 00000007 b gspEventCbOneShot
00132010 0000001c b gspEventCbData
0013202c 0000001c b gspEventCb
00132048 00000038 b gspEvents
00132080 00000004 b gspLastEvent
00132084 00000001 b gspRunEvents
00132088 00000004 b gspEventThread
0013208c 00000004 b gspEvent
00132090 00000001 b gspGpuRight
00132091 00000001 b gspThreadId
00132094 00000004 b gspSharedMem
00132098 00000004 b gspSharedMemHandle
0013209c 00000004 b gspRefCount
001320a0 00000004 b gspGpuHandle
001320a4 00000001 b flagValue.0
001320a5 00000001 b flagInit.1
001320a8 00000004 b serviceName.6
001320ac 00000001 b aptChainloadMediatype
001320b0 00000008 b aptChainloadTid
001320b8 00000001 b aptChainloadFlags
001320bc 00001000 b aptParameters
001330bc 00000004 b aptFlags
001330c0 00000001 b aptHomeButtonState
001330c4 00000004 b aptMessageFuncData
001330c8 00000004 b aptMessageFunc
001330cc 0000000c b aptFirstHook
001330d8 00000001 b aptEventHandlerThreadQuit
001330dc 00000004 b aptEventHandlerThread
001330e0 00000008 b aptSleepEvent
001330e8 00000008 b aptReceiveEvent
001330f0 00000008 b aptEvents
001330f8 00000004 b aptLockHandle
001330fc 00000004 b aptRefCount
00133100 00000001 b usingIrrst
00133104 00000004 b hidRefCount
00133108 00000006 b gRate
00133110 00000006 b aVec
00133118 00000004 b cPos
0013311c 00000004 b tPos
00133120 00000004 b kRepeat
00133124 00000004 b kUp
00133128 00000004 b kDown
0013312c 00000004 b kHeld
00133130 00000004 b kOld
00133134 00000004 B hidSharedMem
00133138 00000014 B hidEvents
0013314c 00000004 B hidMemHandle
00133150 00000004 B hidHandle
00133154 00000004 b ptmSysmRefCount
00133158 00000004 b ptmSysmHandle
0013315c 00000004 V __ctru_linear_heap_size
00133160 00000004 V __ctru_heap_size
00133164 00000004 B __ctru_linear_heap
00133168 00000004 B __ctru_heap
0013316c 00000004 B __system_retAddr
00133170 00000004 B __system_argv
00133174 00000004 B __system_argc
00133178 b saved_stack
00133180 00000004 b arbiter
00133184 00000004 B __3dslink_host
00133188 00000004 b srvRefCount
0013318c 00000004 b srvHandle
00133190 00000004 b currentAddr
00133194 00000004 b maxAddr
00133198 00000004 b minAddr
0013319c 00000004 b irrstRefCount
001331a0 00000004 b csPos
001331a4 00000004 b kHeld
001331a8 00000004 B irrstSharedMem
001331ac 00000004 B irrstEvent
001331b0 00000004 B irrstMemHandle
001331b4 00000004 B irrstHandle
001331b8 00000004 b srvPmHandle
001331c0 00000540 b archive_devices
00133700 00000004 b archive_device_cwd
00133704 00000001 b archive_initialized
00133708 00000080 b fsExemptArchives
00133788 00000004 b fsuRefCount
0013378c 00000004 b fsuHandle
00133790 0000000c b __sinit_recursive_mutex
0013379c 0000000c b __sfp_recursive_mutex
001337a8 00000028 B __malloc_current_mallinfo
001337d0 00000004 B __malloc_max_total_mem
001337d4 00000004 B __malloc_max_sbrked_mem
001337d8 00000004 B __malloc_top_pad
001337dc 0000000c b __malloc_recursive_mutex
001337e8 0000000c B __atexit_recursive_mutex
001337f4 00000004 b heap_start.0
001337f8 00000004 B fake_heap_start
001337fc 00000004 B fake_heap_end
00133800 00000400 b temp_cwd
00133c00 00000004 b __hndl_lock
00133c04 B __tls_start
0013480c B __bss_end__
0013480c A __end__
0013480c B __tls_end
